Using pre-set license
Built from '2021.3/staging' branch; Version is '2021.3.16f1 (4016570cf34f) revision 4200023'; Using compiler version '192829333'; Build Type 'Release'
OS: 'Windows 10  (10.0.19044) 64bit CoreSingleLanguage' Language: 'en' Physical Memory: 8014 MB
BatchMode: 1, IsHumanControllingUs: 0, StartBugReporterOnCrash: 0, Is64bit: 1, IsPro: 1

COMMAND LINE ARGUMENTS:
D:\unity\2021.3.16f1\Editor\Unity.exe
-adb2
-batchMode
-noUpm
-name
AssetImportWorker0
-projectPath
D:/unity/homwork/GAMEMOI/Unity-2D-project/New Game
-logFile
Logs/AssetImportWorker0.log
-srvPort
55752
Successfully changed project path to: D:/unity/homwork/GAMEMOI/Unity-2D-project/New Game
D:/unity/homwork/GAMEMOI/Unity-2D-project/New Game
[UnityMemory] Configuration Parameters - Can be set up in boot.config
    "memorysetup-bucket-allocator-granularity=16"
    "memorysetup-bucket-allocator-bucket-count=8"
    "memorysetup-bucket-allocator-block-size=33554432"
    "memorysetup-bucket-allocator-block-count=8"
    "memorysetup-main-allocator-block-size=16777216"
    "memorysetup-thread-allocator-block-size=16777216"
    "memorysetup-gfx-main-allocator-block-size=16777216"
    "memorysetup-gfx-thread-allocator-block-size=16777216"
    "memorysetup-cache-allocator-block-size=4194304"
    "memorysetup-typetree-allocator-block-size=2097152"
    "memorysetup-profiler-bucket-allocator-granularity=16"
    "memorysetup-profiler-bucket-allocator-bucket-count=8"
    "memorysetup-profiler-bucket-allocator-block-size=33554432"
    "memorysetup-profiler-bucket-allocator-block-count=8"
    "memorysetup-profiler-allocator-block-size=16777216"
    "memorysetup-profiler-editor-allocator-block-size=1048576"
    "memorysetup-temp-allocator-size-main=16777216"
    "memorysetup-job-temp-allocator-block-size=2097152"
    "memorysetup-job-temp-allocator-block-size-background=1048576"
    "memorysetup-job-temp-allocator-reduction-small-platforms=262144"
    "memorysetup-temp-allocator-size-background-worker=32768"
    "memorysetup-temp-allocator-size-job-worker=262144"
    "memorysetup-temp-allocator-size-preload-manager=33554432"
    "memorysetup-temp-allocator-size-nav-mesh-worker=65536"
    "memorysetup-temp-allocator-size-audio-worker=65536"
    "memorysetup-temp-allocator-size-cloud-worker=32768"
    "memorysetup-temp-allocator-size-gi-baking-worker=262144"
    "memorysetup-temp-allocator-size-gfx=262144"
Player connection [7316] Host "[IP] 192.168.1.107 [Port] 0 [Flags] 2 [Guid] 3507958242 [EditorId] 3507958242 [Version] 1048832 [Id] WindowsEditor(7,LAPTOP-EG4IHRJ8) [Debug] 1 [PackageName] WindowsEditor [ProjectName] Editor" joined multi-casting on [225.0.0.222:54997]...

Player connection [7316] Host "[IP] 192.168.1.107 [Port] 0 [Flags] 2 [Guid] 3507958242 [EditorId] 3507958242 [Version] 1048832 [Id] WindowsEditor(7,LAPTOP-EG4IHRJ8) [Debug] 1 [PackageName] WindowsEditor [ProjectName] Editor" joined alternative multi-casting on [225.0.0.222:34997]...

Refreshing native plugins compatible for Editor in 80.22 ms, found 3 plugins.
Preloading 0 native plugins for Editor in 0.00 ms.
Initialize engine version: 2021.3.16f1 (4016570cf34f)
[Subsystems] Discovering subsystems at path D:/unity/2021.3.16f1/Editor/Data/Resources/UnitySubsystems
[Subsystems] Discovering subsystems at path D:/unity/homwork/GAMEMOI/Unity-2D-project/New Game/Assets
GfxDevice: creating device client; threaded=0; jobified=0
Direct3D:
    Version:  Direct3D 11.0 [level 11.1]
    Renderer: Intel(R) UHD Graphics (ID=0x9b41)
    Vendor:   Intel
    VRAM:     4007 MB
    Driver:   27.20.100.8729
Initialize mono
Mono path[0] = 'D:/unity/2021.3.16f1/Editor/Data/Managed'
Mono path[1] = 'D:/unity/2021.3.16f1/Editor/Data/MonoBleedingEdge/lib/mono/unityjit-win32'
Mono config path = 'D:/unity/2021.3.16f1/Editor/Data/MonoBleedingEdge/etc'
Using monoOptions --debugger-agent=transport=dt_socket,embedding=1,server=y,suspend=n,address=127.0.0.1:56696
Begin MonoManager ReloadAssembly
Registering precompiled unity dll's ...
Register platform support module: D:/unity/2021.3.16f1/Editor/Data/PlaybackEngines/AndroidPlayer/UnityEditor.Android.Extensions.dll
Register platform support module: D:/unity/2021.3.16f1/Editor/Data/PlaybackEngines/WindowsStandaloneSupport/UnityEditor.WindowsStandalone.Extensions.dll
Registered in 0.005112 seconds.
Native extension for WindowsStandalone target not found
Native extension for Android target not found
Refreshing native plugins compatible for Editor in 67.57 ms, found 3 plugins.
Preloading 0 native plugins for Editor in 0.00 ms.
Mono: successfully reloaded assembly
- Completed reload, in  1.066 seconds
Domain Reload Profiling:
	ReloadAssembly (1067ms)
		BeginReloadAssembly (141ms)
			ExecutionOrderSort (0ms)
			DisableScriptedObjects (0ms)
			BackupInstance (0ms)
			ReleaseScriptingObjects (0ms)
			CreateAndSetChildDomain (1ms)
		EndReloadAssembly (734ms)
			LoadAssemblies (140ms)
			RebuildTransferFunctionScriptingTraits (0ms)
			SetupTypeCache (195ms)
			ReleaseScriptCaches (0ms)
			RebuildScriptCaches (52ms)
			SetupLoadedEditorAssemblies (411ms)
				LogAssemblyErrors (0ms)
				InitializePlatformSupportModulesInManaged (75ms)
				SetLoadedEditorAssemblies (0ms)
				RefreshPlugins (68ms)
				BeforeProcessingInitializeOnLoad (2ms)
				ProcessInitializeOnLoadAttributes (181ms)
				ProcessInitializeOnLoadMethodAttributes (85ms)
				AfterProcessingInitializeOnLoad (0ms)
				EditorAssembliesLoaded (0ms)
			ExecutionOrderSort2 (0ms)
			AwakeInstancesAfterBackupRestoration (0ms)
Platform modules already initialized, skipping
Registering precompiled user dll's ...
Registered in 0.006336 seconds.
Begin MonoManager ReloadAssembly
Native extension for WindowsStandalone target not found
Native extension for Android target not found
Refreshing native plugins compatible for Editor in 126.11 ms, found 3 plugins.
Preloading 0 native plugins for Editor in 0.00 ms.
Mono: successfully reloaded assembly
- Completed reload, in  2.831 seconds
Domain Reload Profiling:
	ReloadAssembly (2835ms)
		BeginReloadAssembly (267ms)
			ExecutionOrderSort (0ms)
			DisableScriptedObjects (16ms)
			BackupInstance (0ms)
			ReleaseScriptingObjects (0ms)
			CreateAndSetChildDomain (43ms)
		EndReloadAssembly (2223ms)
			LoadAssemblies (195ms)
			RebuildTransferFunctionScriptingTraits (0ms)
			SetupTypeCache (598ms)
			ReleaseScriptCaches (1ms)
			RebuildScriptCaches (127ms)
			SetupLoadedEditorAssemblies (1159ms)
				LogAssemblyErrors (0ms)
				InitializePlatformSupportModulesInManaged (36ms)
				SetLoadedEditorAssemblies (1ms)
				RefreshPlugins (126ms)
				BeforeProcessingInitializeOnLoad (213ms)
				ProcessInitializeOnLoadAttributes (661ms)
				ProcessInitializeOnLoadMethodAttributes (114ms)
				AfterProcessingInitializeOnLoad (8ms)
				EditorAssembliesLoaded (0ms)
			ExecutionOrderSort2 (0ms)
			AwakeInstancesAfterBackupRestoration (14ms)
Platform modules already initialized, skipping
========================================================================
Worker process is ready to serve import requests
Launched and connected shader compiler UnityShaderCompiler.exe after 0.17 seconds
Refreshing native plugins compatible for Editor in 1.91 ms, found 3 plugins.
Preloading 0 native plugins for Editor in 0.00 ms.
Unloading 2451 Unused Serialized files (Serialized files now loaded: 0)
Unloading 33 unused Assets / (56.6 KB). Loaded Objects now: 2914.
Memory consumption went from 108.9 MB to 108.8 MB.
Total: 13.645900 ms (FindLiveObjects: 0.505000 ms CreateObjectMapping: 0.375700 ms MarkObjects: 12.521000 ms  DeleteObjects: 0.240900 ms)

AssetImportParameters requested are different than current active one (requested -> active):
  custom:video-decoder-ogg-theora: a1e56fd34408186e4bbccfd4996cb3dc -> 
  custom:container-muxer-webm: aa71ff27fc2769a1b78a27578f13a17b -> 
  custom:container-demuxer-webm: 4f35f7cbe854078d1ac9338744f61a02 -> 
  custom:video-encoder-webm-vp8: eb34c28f22e8b96e1ab97ce403110664 -> 
  custom:audio-encoder-webm-vorbis: bf7c407c2cedff20999df2af8eb42d56 -> 
  custom:framework-win-MediaFoundation: 216162199b28c13a410421893ffa2e32 -> 
  custom:container-demuxer-ogg: 62fdf1f143b41e24485cea50d1cbac27 -> 
  custom:video-decoder-webm-vp8: 9c59270c3fd7afecdb556c50c9e8de78 -> 
  custom:audio-decoder-ogg-vorbis: bf7c407c2cedff20999df2af8eb42d56 -> 
========================================================================
Received Import Request.
  Time since last request: 12300.969334 seconds.
  path: Assets/Scenes/Round_2.unity
  artifactKey: Guid(919f38cf96df5ff42aacb854f6f61090) Importer(815301076,1909f56bfc062723c751e8b465ee728b)
Start importing Assets/Scenes/Round_2.unity using Guid(919f38cf96df5ff42aacb854f6f61090) Importer(815301076,1909f56bfc062723c751e8b465ee728b)  -> (artifact id: '339af14fe07ae490e2ea187703c6bae0') in 0.030690 seconds 
========================================================================
Received Import Request.
  Time since last request: 121.830450 seconds.
  path: Assets/Images/bush.png
  artifactKey: Guid(e0606b8b811fc404293e36ae6a01e02f) Importer(815301076,1909f56bfc062723c751e8b465ee728b)
Start importing Assets/Images/bush.png using Guid(e0606b8b811fc404293e36ae6a01e02f) Importer(815301076,1909f56bfc062723c751e8b465ee728b)  -> (artifact id: 'c9be81b352c09c0b9a4f89a1e347f956') in 0.219185 seconds 
========================================================================
Received Import Request.
  Time since last request: 8.409811 seconds.
  path: Assets/Images/cloud.png
  artifactKey: Guid(44b5c6097622f6c4281a079190161f8a) Importer(815301076,1909f56bfc062723c751e8b465ee728b)
Start importing Assets/Images/cloud.png using Guid(44b5c6097622f6c4281a079190161f8a) Importer(815301076,1909f56bfc062723c751e8b465ee728b)  -> (artifact id: '677810563519d7e9bb161d940c7489ec') in 0.062007 seconds 
========================================================================
Received Import Request.
  Time since last request: 8.705429 seconds.
  path: Assets/Images/flyrock.png
  artifactKey: Guid(db092faf16c0abf438397bae8d263d47) Importer(815301076,1909f56bfc062723c751e8b465ee728b)
Start importing Assets/Images/flyrock.png using Guid(db092faf16c0abf438397bae8d263d47) Importer(815301076,1909f56bfc062723c751e8b465ee728b)  -> (artifact id: 'bda45915b330449bcc9cdb29e0516cc3') in 0.061208 seconds 
========================================================================
Received Import Request.
  Time since last request: 16.518488 seconds.
  path: Assets/Sprites/castle.png
  artifactKey: Guid(66e13d7a90cf6cb438ab624032c2121e) Importer(815301076,1909f56bfc062723c751e8b465ee728b)
Start importing Assets/Sprites/castle.png using Guid(66e13d7a90cf6cb438ab624032c2121e) Importer(815301076,1909f56bfc062723c751e8b465ee728b)  -> (artifact id: '5e4ce0920ba23952bae1eb974132d198') in 0.067027 seconds 
========================================================================
Received Import Request.
  Time since last request: 3.998435 seconds.
  path: Assets/Sprites/tree.png
  artifactKey: Guid(7891476b7a1047440a6e8fec75fa75c6) Importer(815301076,1909f56bfc062723c751e8b465ee728b)
Start importing Assets/Sprites/tree.png using Guid(7891476b7a1047440a6e8fec75fa75c6) Importer(815301076,1909f56bfc062723c751e8b465ee728b)  -> (artifact id: '1521c8697047833e0e3e643b5c718815') in 0.076650 seconds 
========================================================================
Received Import Request.
  Time since last request: 1.882850 seconds.
  path: Assets/Sprites/tree2.png
  artifactKey: Guid(4acb301195dd8464687ceca4fc570772) Importer(815301076,1909f56bfc062723c751e8b465ee728b)
Start importing Assets/Sprites/tree2.png using Guid(4acb301195dd8464687ceca4fc570772) Importer(815301076,1909f56bfc062723c751e8b465ee728b)  -> (artifact id: 'a1aa35dee16db09f83871d5ad1bfb0e6') in 0.063654 seconds 
========================================================================
Received Import Request.
  Time since last request: 3.280453 seconds.
  path: Assets/Sprites/tree3.png
  artifactKey: Guid(bb420bcdaf97500409e48f389d702a47) Importer(815301076,1909f56bfc062723c751e8b465ee728b)
Start importing Assets/Sprites/tree3.png using Guid(bb420bcdaf97500409e48f389d702a47) Importer(815301076,1909f56bfc062723c751e8b465ee728b)  -> (artifact id: '077c6ca85c8632f9d69d25da01c4a0b0') in 0.081400 seconds 
========================================================================
Received Import Request.
  Time since last request: 2.093288 seconds.
  path: Assets/Sprites/tree4.png
  artifactKey: Guid(cde506caa95d44444b1eb14c6b9a75a0) Importer(815301076,1909f56bfc062723c751e8b465ee728b)
Start importing Assets/Sprites/tree4.png using Guid(cde506caa95d44444b1eb14c6b9a75a0) Importer(815301076,1909f56bfc062723c751e8b465ee728b)  -> (artifact id: 'e4bbb338cd14ca441c715c7818fad730') in 0.059874 seconds 
========================================================================
Received Import Request.
  Time since last request: 1.875236 seconds.
  path: Assets/Sprites/tree5.png
  artifactKey: Guid(06be058f4bea91148b1401e4fd268a50) Importer(815301076,1909f56bfc062723c751e8b465ee728b)
Start importing Assets/Sprites/tree5.png using Guid(06be058f4bea91148b1401e4fd268a50) Importer(815301076,1909f56bfc062723c751e8b465ee728b)  -> (artifact id: '46e5944db38919409a481c71858bdc47') in 0.064146 seconds 
========================================================================
Received Import Request.
  Time since last request: 1.562890 seconds.
  path: Assets/Sprites/tree6.png
  artifactKey: Guid(8585c9f192731c148827e16429cc65dc) Importer(815301076,1909f56bfc062723c751e8b465ee728b)
Start importing Assets/Sprites/tree6.png using Guid(8585c9f192731c148827e16429cc65dc) Importer(815301076,1909f56bfc062723c751e8b465ee728b)  -> (artifact id: 'b6809583a97dbc6f45f8649edb2617de') in 0.061280 seconds 
========================================================================
Received Import Request.
  Time since last request: 85.283506 seconds.
  path: Assets/Images/bush.png
  artifactKey: Guid(e0606b8b811fc404293e36ae6a01e02f) Importer(815301076,1909f56bfc062723c751e8b465ee728b)
Start importing Assets/Images/bush.png using Guid(e0606b8b811fc404293e36ae6a01e02f) Importer(815301076,1909f56bfc062723c751e8b465ee728b)  -> (artifact id: '353dd6ddbfe14c4e5f4f5bcc5d2e2d10') in 0.016011 seconds 
========================================================================
Received Import Request.
  Time since last request: 13.090134 seconds.
  path: Assets/Images/bush.png
  artifactKey: Guid(e0606b8b811fc404293e36ae6a01e02f) Importer(815301076,1909f56bfc062723c751e8b465ee728b)
Start importing Assets/Images/bush.png using Guid(e0606b8b811fc404293e36ae6a01e02f) Importer(815301076,1909f56bfc062723c751e8b465ee728b)  -> (artifact id: '90b1945dd58f1a6cd06cf2a06cc5293e') in 0.065605 seconds 
========================================================================
Received Import Request.
  Time since last request: 29.174914 seconds.
  path: Assets/Images/cloud.png
  artifactKey: Guid(44b5c6097622f6c4281a079190161f8a) Importer(815301076,1909f56bfc062723c751e8b465ee728b)
Start importing Assets/Images/cloud.png using Guid(44b5c6097622f6c4281a079190161f8a) Importer(815301076,1909f56bfc062723c751e8b465ee728b)  -> (artifact id: 'd37e14a3f2ee231c7dfed97bc3dcc0bd') in 0.017396 seconds 
========================================================================
Received Import Request.
  Time since last request: 7.585354 seconds.
  path: Assets/Images/cloud.png
  artifactKey: Guid(44b5c6097622f6c4281a079190161f8a) Importer(815301076,1909f56bfc062723c751e8b465ee728b)
Start importing Assets/Images/cloud.png using Guid(44b5c6097622f6c4281a079190161f8a) Importer(815301076,1909f56bfc062723c751e8b465ee728b)  -> (artifact id: '75749309386e24db3b2f75373f2e0791') in 0.098856 seconds 
========================================================================
Received Import Request.
  Time since last request: 17.775460 seconds.
  path: Assets/Images/flyrock.png
  artifactKey: Guid(db092faf16c0abf438397bae8d263d47) Importer(815301076,1909f56bfc062723c751e8b465ee728b)
Start importing Assets/Images/flyrock.png using Guid(db092faf16c0abf438397bae8d263d47) Importer(815301076,1909f56bfc062723c751e8b465ee728b)  -> (artifact id: 'fe2adb2e3cbd17143f7fc008b1a7556f') in 0.024773 seconds 
========================================================================
Received Import Request.
  Time since last request: 15.918636 seconds.
  path: Assets/Images/flyrock.png
  artifactKey: Guid(db092faf16c0abf438397bae8d263d47) Importer(815301076,1909f56bfc062723c751e8b465ee728b)
Start importing Assets/Images/flyrock.png using Guid(db092faf16c0abf438397bae8d263d47) Importer(815301076,1909f56bfc062723c751e8b465ee728b)  -> (artifact id: '2062209d46a7754816f614fc32bf9e0e') in 0.100826 seconds 
========================================================================
Received Import Request.
  Time since last request: 45.323783 seconds.
  path: Assets/Sprites/tree.png
  artifactKey: Guid(7891476b7a1047440a6e8fec75fa75c6) Importer(815301076,1909f56bfc062723c751e8b465ee728b)
Start importing Assets/Sprites/tree.png using Guid(7891476b7a1047440a6e8fec75fa75c6) Importer(815301076,1909f56bfc062723c751e8b465ee728b)  -> (artifact id: '6f6a7ff5bf551ba292172e8825a3f6dc') in 0.039307 seconds 
========================================================================
Received Import Request.
  Time since last request: 0.049706 seconds.
  path: Assets/Sprites/tree2.png
  artifactKey: Guid(4acb301195dd8464687ceca4fc570772) Importer(815301076,1909f56bfc062723c751e8b465ee728b)
Start importing Assets/Sprites/tree2.png using Guid(4acb301195dd8464687ceca4fc570772) Importer(815301076,1909f56bfc062723c751e8b465ee728b)  -> (artifact id: 'fa433f71b892bb1ecc79c85da4ece0e0') in 0.079552 seconds 
========================================================================
Received Import Request.
  Time since last request: 0.000063 seconds.
  path: Assets/Sprites/tree6.png
  artifactKey: Guid(8585c9f192731c148827e16429cc65dc) Importer(815301076,1909f56bfc062723c751e8b465ee728b)
Start importing Assets/Sprites/tree6.png using Guid(8585c9f192731c148827e16429cc65dc) Importer(815301076,1909f56bfc062723c751e8b465ee728b)  -> (artifact id: '5c371880be0414d964939cd37d94706a') in 0.071994 seconds 
========================================================================
Received Import Request.
  Time since last request: 0.000129 seconds.
  path: Assets/Sprites/tree5.png
  artifactKey: Guid(06be058f4bea91148b1401e4fd268a50) Importer(815301076,1909f56bfc062723c751e8b465ee728b)
Start importing Assets/Sprites/tree5.png using Guid(06be058f4bea91148b1401e4fd268a50) Importer(815301076,1909f56bfc062723c751e8b465ee728b)  -> (artifact id: '2b16b929b05fe032aba11675b6878d37') in 0.080408 seconds 
========================================================================
Received Import Request.
  Time since last request: 0.000076 seconds.
  path: Assets/Sprites/tree4.png
  artifactKey: Guid(cde506caa95d44444b1eb14c6b9a75a0) Importer(815301076,1909f56bfc062723c751e8b465ee728b)
Start importing Assets/Sprites/tree4.png using Guid(cde506caa95d44444b1eb14c6b9a75a0) Importer(815301076,1909f56bfc062723c751e8b465ee728b)  -> (artifact id: '76ea2f79b94f075a3de5a7a237f4212a') in 0.068731 seconds 
========================================================================
Received Import Request.
  Time since last request: 71.104478 seconds.
  path: Assets/Prefabs/tree4.prefab
  artifactKey: Guid(5e9047a7a03281d4795f5d9f14537320) Importer(815301076,1909f56bfc062723c751e8b465ee728b)
Start importing Assets/Prefabs/tree4.prefab using Guid(5e9047a7a03281d4795f5d9f14537320) Importer(815301076,1909f56bfc062723c751e8b465ee728b)  -> (artifact id: 'e8febb01d1cd16ff0094da26a8924e77') in 0.110345 seconds 
========================================================================
Received Import Request.
  Time since last request: 0.000033 seconds.
  path: Assets/Prefabs/tree3.prefab
  artifactKey: Guid(ea9476a912a3d694094df4bd5d9aa018) Importer(815301076,1909f56bfc062723c751e8b465ee728b)
Start importing Assets/Prefabs/tree3.prefab using Guid(ea9476a912a3d694094df4bd5d9aa018) Importer(815301076,1909f56bfc062723c751e8b465ee728b)  -> (artifact id: '18a5d9e18fcc54c7809ccaaf3699ccbc') in 0.036683 seconds 
========================================================================
Received Import Request.
  Time since last request: 0.000192 seconds.
  path: Assets/Prefabs/tree5.prefab
  artifactKey: Guid(250d63a8223e30c4ebc70ca2bd9c8eb9) Importer(815301076,1909f56bfc062723c751e8b465ee728b)
Start importing Assets/Prefabs/tree5.prefab using Guid(250d63a8223e30c4ebc70ca2bd9c8eb9) Importer(815301076,1909f56bfc062723c751e8b465ee728b)  -> (artifact id: '950f65a06312b18a7dacb816a579f0f6') in 0.053464 seconds 
========================================================================
Received Import Request.
  Time since last request: 0.000027 seconds.
  path: Assets/Prefabs/tree6.prefab
  artifactKey: Guid(93f709838ed663547b1854695a62245d) Importer(815301076,1909f56bfc062723c751e8b465ee728b)
Start importing Assets/Prefabs/tree6.prefab using Guid(93f709838ed663547b1854695a62245d) Importer(815301076,1909f56bfc062723c751e8b465ee728b)  -> (artifact id: 'b01414f8e125f8cb49e86ae09a903458') in 0.034684 seconds 
========================================================================
Received Import Request.
  Time since last request: 64.803108 seconds.
  path: Assets/Prefabs/cloud_4.prefab
  artifactKey: Guid(c60cba3adb535d84f80eb1442188d71f) Importer(815301076,1909f56bfc062723c751e8b465ee728b)
Start importing Assets/Prefabs/cloud_4.prefab using Guid(c60cba3adb535d84f80eb1442188d71f) Importer(815301076,1909f56bfc062723c751e8b465ee728b)  -> (artifact id: 'f577a1a8a8e6171c4d3974d28dc81da0') in 0.022223 seconds 
========================================================================
Received Import Request.
  Time since last request: 0.018720 seconds.
  path: Assets/Prefabs/bush_0.prefab
  artifactKey: Guid(423b7a70169d0654680c74d30cd488ba) Importer(815301076,1909f56bfc062723c751e8b465ee728b)
Start importing Assets/Prefabs/bush_0.prefab using Guid(423b7a70169d0654680c74d30cd488ba) Importer(815301076,1909f56bfc062723c751e8b465ee728b)  -> (artifact id: '7b53109bdb53620c842fb34c8435267b') in 0.031065 seconds 
========================================================================
Received Import Request.
  Time since last request: 0.000175 seconds.
  path: Assets/Prefabs/bush_2.prefab
  artifactKey: Guid(7604d83561e5cff40a95269feb81a878) Importer(815301076,1909f56bfc062723c751e8b465ee728b)
Start importing Assets/Prefabs/bush_2.prefab using Guid(7604d83561e5cff40a95269feb81a878) Importer(815301076,1909f56bfc062723c751e8b465ee728b)  -> (artifact id: 'a62a25abdfe9ad22180496d3f3a2d903') in 0.032474 seconds 
========================================================================
Received Import Request.
  Time since last request: 0.000043 seconds.
  path: Assets/Prefabs/cloud_8.prefab
  artifactKey: Guid(30b7d7995818bf245bdb4f1206c5e047) Importer(815301076,1909f56bfc062723c751e8b465ee728b)
Start importing Assets/Prefabs/cloud_8.prefab using Guid(30b7d7995818bf245bdb4f1206c5e047) Importer(815301076,1909f56bfc062723c751e8b465ee728b)  -> (artifact id: 'c60fa069fbe98181abe0d90109fac2fe') in 0.040852 seconds 
========================================================================
Received Import Request.
  Time since last request: 0.000038 seconds.
  path: Assets/Prefabs/cloud_3.prefab
  artifactKey: Guid(374e345b0a065554ea083ede06806985) Importer(815301076,1909f56bfc062723c751e8b465ee728b)
Start importing Assets/Prefabs/cloud_3.prefab using Guid(374e345b0a065554ea083ede06806985) Importer(815301076,1909f56bfc062723c751e8b465ee728b)  -> (artifact id: '78251af554479a92bd5dd6ddfd663ba5') in 0.033834 seconds 
========================================================================
Received Import Request.
  Time since last request: 0.000058 seconds.
  path: Assets/Prefabs/cloud_1.prefab
  artifactKey: Guid(bd96d7721ae7d6d4691f6a6194f43b74) Importer(815301076,1909f56bfc062723c751e8b465ee728b)
Start importing Assets/Prefabs/cloud_1.prefab using Guid(bd96d7721ae7d6d4691f6a6194f43b74) Importer(815301076,1909f56bfc062723c751e8b465ee728b)  -> (artifact id: 'f64625dbd02561f3d326097cce3ca31a') in 0.041201 seconds 
========================================================================
Received Import Request.
  Time since last request: 0.000035 seconds.
  path: Assets/Prefabs/cloud_6.prefab
  artifactKey: Guid(962b07b0e0704864c8f05f81b6232a1f) Importer(815301076,1909f56bfc062723c751e8b465ee728b)
Start importing Assets/Prefabs/cloud_6.prefab using Guid(962b07b0e0704864c8f05f81b6232a1f) Importer(815301076,1909f56bfc062723c751e8b465ee728b)  -> (artifact id: '08c648969f8cf9e82d929fe02e2f99d2') in 0.031661 seconds 
========================================================================
Received Import Request.
  Time since last request: 453.796261 seconds.
  path: Assets/Prefabs/Castle-2.prefab
  artifactKey: Guid(e1464e1e4d694ec47a196dad9c4fac76) Importer(815301076,1909f56bfc062723c751e8b465ee728b)
Start importing Assets/Prefabs/Castle-2.prefab using Guid(e1464e1e4d694ec47a196dad9c4fac76) Importer(815301076,1909f56bfc062723c751e8b465ee728b)  -> (artifact id: 'ef83d57c65ebc6d95818cf7211c4808c') in 0.025103 seconds 
========================================================================
Received Import Request.
  Time since last request: 105.099921 seconds.
  path: Assets/Prefabs/flyrock_3.prefab
  artifactKey: Guid(71454dbbf23fb2d40ab35f64679ea79a) Importer(815301076,1909f56bfc062723c751e8b465ee728b)
Start importing Assets/Prefabs/flyrock_3.prefab using Guid(71454dbbf23fb2d40ab35f64679ea79a) Importer(815301076,1909f56bfc062723c751e8b465ee728b)  -> (artifact id: '75c5d9bcc574a7628a47a095494f26f6') in 0.023667 seconds 
========================================================================
Received Import Request.
  Time since last request: 0.010217 seconds.
  path: Assets/Prefabs/flyrock_0.prefab
  artifactKey: Guid(70edbed9229c8e641892a7ff0759b90c) Importer(815301076,1909f56bfc062723c751e8b465ee728b)
Start importing Assets/Prefabs/flyrock_0.prefab using Guid(70edbed9229c8e641892a7ff0759b90c) Importer(815301076,1909f56bfc062723c751e8b465ee728b)  -> (artifact id: '6ffdbbab9d67d96dae5186ed6f211cdd') in 0.031677 seconds 
========================================================================
Received Import Request.
  Time since last request: 0.000027 seconds.
  path: Assets/Prefabs/flyrock_6.prefab
  artifactKey: Guid(25b15d9ab70317f4db8be6865de0bf1b) Importer(815301076,1909f56bfc062723c751e8b465ee728b)
Start importing Assets/Prefabs/flyrock_6.prefab using Guid(25b15d9ab70317f4db8be6865de0bf1b) Importer(815301076,1909f56bfc062723c751e8b465ee728b)  -> (artifact id: '0344906a7944da4f4405ae12470aca29') in 0.033637 seconds 
========================================================================
Received Import Request.
  Time since last request: 0.000033 seconds.
  path: Assets/Prefabs/flyrock_2.prefab
  artifactKey: Guid(4b4b3a7096c2ed743825bee855e0dd4b) Importer(815301076,1909f56bfc062723c751e8b465ee728b)
Start importing Assets/Prefabs/flyrock_2.prefab using Guid(4b4b3a7096c2ed743825bee855e0dd4b) Importer(815301076,1909f56bfc062723c751e8b465ee728b)  -> (artifact id: 'f4951c281b2c9346928561a00db402db') in 0.026168 seconds 
========================================================================
Received Import Request.
  Time since last request: 0.000044 seconds.
  path: Assets/Prefabs/flyrock_5.prefab
  artifactKey: Guid(5a935b3f608b6d54197d37fdfc0d2478) Importer(815301076,1909f56bfc062723c751e8b465ee728b)
Start importing Assets/Prefabs/flyrock_5.prefab using Guid(5a935b3f608b6d54197d37fdfc0d2478) Importer(815301076,1909f56bfc062723c751e8b465ee728b)  -> (artifact id: 'cdde95cd370861334516f2fe2578eb57') in 0.024653 seconds 
========================================================================
Received Import Request.
  Time since last request: 9369.295679 seconds.
  path: Assets/Scenes/Round_2.unity
  artifactKey: Guid(919f38cf96df5ff42aacb854f6f61090) Importer(815301076,1909f56bfc062723c751e8b465ee728b)
Start importing Assets/Scenes/Round_2.unity using Guid(919f38cf96df5ff42aacb854f6f61090) Importer(815301076,1909f56bfc062723c751e8b465ee728b)  -> (artifact id: '967885c339673e247f976ee4749fdcc8') in 0.008604 seconds 
