Using pre-set license
Built from '2021.3/staging' branch; Version is '2021.3.16f1 (4016570cf34f) revision 4200023'; Using compiler version '192829333'; Build Type 'Release'
OS: 'Windows 10  (10.0.19044) 64bit CoreSingleLanguage' Language: 'en' Physical Memory: 8014 MB
BatchMode: 1, IsHumanControllingUs: 0, StartBugReporterOnCrash: 0, Is64bit: 1, IsPro: 1

COMMAND LINE ARGUMENTS:
D:\unity\2021.3.16f1\Editor\Unity.exe
-adb2
-batchMode
-noUpm
-name
AssetImportWorker1
-projectPath
D:/unity/homwork/GAMEMOI/Unity-2D-project/New Game
-logFile
Logs/AssetImportWorker1.log
-srvPort
55752
Successfully changed project path to: D:/unity/homwork/GAMEMOI/Unity-2D-project/New Game
D:/unity/homwork/GAMEMOI/Unity-2D-project/New Game
[UnityMemory] Configuration Parameters - Can be set up in boot.config
    "memorysetup-bucket-allocator-granularity=16"
    "memorysetup-bucket-allocator-bucket-count=8"
    "memorysetup-bucket-allocator-block-size=33554432"
    "memorysetup-bucket-allocator-block-count=8"
    "memorysetup-main-allocator-block-size=16777216"
    "memorysetup-thread-allocator-block-size=16777216"
    "memorysetup-gfx-main-allocator-block-size=16777216"
    "memorysetup-gfx-thread-allocator-block-size=16777216"
    "memorysetup-cache-allocator-block-size=4194304"
    "memorysetup-typetree-allocator-block-size=2097152"
    "memorysetup-profiler-bucket-allocator-granularity=16"
    "memorysetup-profiler-bucket-allocator-bucket-count=8"
    "memorysetup-profiler-bucket-allocator-block-size=33554432"
    "memorysetup-profiler-bucket-allocator-block-count=8"
    "memorysetup-profiler-allocator-block-size=16777216"
    "memorysetup-profiler-editor-allocator-block-size=1048576"
    "memorysetup-temp-allocator-size-main=16777216"
    "memorysetup-job-temp-allocator-block-size=2097152"
    "memorysetup-job-temp-allocator-block-size-background=1048576"
    "memorysetup-job-temp-allocator-reduction-small-platforms=262144"
    "memorysetup-temp-allocator-size-background-worker=32768"
    "memorysetup-temp-allocator-size-job-worker=262144"
    "memorysetup-temp-allocator-size-preload-manager=33554432"
    "memorysetup-temp-allocator-size-nav-mesh-worker=65536"
    "memorysetup-temp-allocator-size-audio-worker=65536"
    "memorysetup-temp-allocator-size-cloud-worker=32768"
    "memorysetup-temp-allocator-size-gi-baking-worker=262144"
    "memorysetup-temp-allocator-size-gfx=262144"
Player connection [8140] Host "[IP] 192.168.1.107 [Port] 0 [Flags] 2 [Guid] 3117501971 [EditorId] 3117501971 [Version] 1048832 [Id] WindowsEditor(7,LAPTOP-EG4IHRJ8) [Debug] 1 [PackageName] WindowsEditor [ProjectName] Editor" joined multi-casting on [225.0.0.222:54997]...

Player connection [8140] Host "[IP] 192.168.1.107 [Port] 0 [Flags] 2 [Guid] 3117501971 [EditorId] 3117501971 [Version] 1048832 [Id] WindowsEditor(7,LAPTOP-EG4IHRJ8) [Debug] 1 [PackageName] WindowsEditor [ProjectName] Editor" joined alternative multi-casting on [225.0.0.222:34997]...

Refreshing native plugins compatible for Editor in 78.04 ms, found 3 plugins.
Preloading 0 native plugins for Editor in 0.00 ms.
Initialize engine version: 2021.3.16f1 (4016570cf34f)
[Subsystems] Discovering subsystems at path D:/unity/2021.3.16f1/Editor/Data/Resources/UnitySubsystems
[Subsystems] Discovering subsystems at path D:/unity/homwork/GAMEMOI/Unity-2D-project/New Game/Assets
GfxDevice: creating device client; threaded=0; jobified=0
Direct3D:
    Version:  Direct3D 11.0 [level 11.1]
    Renderer: Intel(R) UHD Graphics (ID=0x9b41)
    Vendor:   Intel
    VRAM:     4007 MB
    Driver:   27.20.100.8729
Initialize mono
Mono path[0] = 'D:/unity/2021.3.16f1/Editor/Data/Managed'
Mono path[1] = 'D:/unity/2021.3.16f1/Editor/Data/MonoBleedingEdge/lib/mono/unityjit-win32'
Mono config path = 'D:/unity/2021.3.16f1/Editor/Data/MonoBleedingEdge/etc'
Using monoOptions --debugger-agent=transport=dt_socket,embedding=1,server=y,suspend=n,address=127.0.0.1:56704
Begin MonoManager ReloadAssembly
Registering precompiled unity dll's ...
Register platform support module: D:/unity/2021.3.16f1/Editor/Data/PlaybackEngines/AndroidPlayer/UnityEditor.Android.Extensions.dll
Register platform support module: D:/unity/2021.3.16f1/Editor/Data/PlaybackEngines/WindowsStandaloneSupport/UnityEditor.WindowsStandalone.Extensions.dll
Registered in 0.004422 seconds.
Native extension for WindowsStandalone target not found
Native extension for Android target not found
Refreshing native plugins compatible for Editor in 68.71 ms, found 3 plugins.
Preloading 0 native plugins for Editor in 0.00 ms.
Mono: successfully reloaded assembly
- Completed reload, in  1.081 seconds
Domain Reload Profiling:
	ReloadAssembly (1082ms)
		BeginReloadAssembly (125ms)
			ExecutionOrderSort (0ms)
			DisableScriptedObjects (0ms)
			BackupInstance (0ms)
			ReleaseScriptingObjects (0ms)
			CreateAndSetChildDomain (2ms)
		EndReloadAssembly (755ms)
			LoadAssemblies (124ms)
			RebuildTransferFunctionScriptingTraits (0ms)
			SetupTypeCache (197ms)
			ReleaseScriptCaches (0ms)
			RebuildScriptCaches (58ms)
			SetupLoadedEditorAssemblies (417ms)
				LogAssemblyErrors (0ms)
				InitializePlatformSupportModulesInManaged (71ms)
				SetLoadedEditorAssemblies (0ms)
				RefreshPlugins (69ms)
				BeforeProcessingInitializeOnLoad (2ms)
				ProcessInitializeOnLoadAttributes (189ms)
				ProcessInitializeOnLoadMethodAttributes (86ms)
				AfterProcessingInitializeOnLoad (0ms)
				EditorAssembliesLoaded (0ms)
			ExecutionOrderSort2 (0ms)
			AwakeInstancesAfterBackupRestoration (0ms)
Platform modules already initialized, skipping
Registering precompiled user dll's ...
Registered in 0.007488 seconds.
Begin MonoManager ReloadAssembly
Native extension for WindowsStandalone target not found
Native extension for Android target not found
Refreshing native plugins compatible for Editor in 141.39 ms, found 3 plugins.
Preloading 0 native plugins for Editor in 0.00 ms.
Mono: successfully reloaded assembly
- Completed reload, in  2.859 seconds
Domain Reload Profiling:
	ReloadAssembly (2862ms)
		BeginReloadAssembly (258ms)
			ExecutionOrderSort (0ms)
			DisableScriptedObjects (16ms)
			BackupInstance (0ms)
			ReleaseScriptingObjects (0ms)
			CreateAndSetChildDomain (41ms)
		EndReloadAssembly (2240ms)
			LoadAssemblies (188ms)
			RebuildTransferFunctionScriptingTraits (0ms)
			SetupTypeCache (610ms)
			ReleaseScriptCaches (1ms)
			RebuildScriptCaches (133ms)
			SetupLoadedEditorAssemblies (1143ms)
				LogAssemblyErrors (0ms)
				InitializePlatformSupportModulesInManaged (37ms)
				SetLoadedEditorAssemblies (1ms)
				RefreshPlugins (142ms)
				BeforeProcessingInitializeOnLoad (188ms)
				ProcessInitializeOnLoadAttributes (654ms)
				ProcessInitializeOnLoadMethodAttributes (115ms)
				AfterProcessingInitializeOnLoad (7ms)
				EditorAssembliesLoaded (0ms)
			ExecutionOrderSort2 (0ms)
			AwakeInstancesAfterBackupRestoration (14ms)
Platform modules already initialized, skipping
========================================================================
Worker process is ready to serve import requests
Launched and connected shader compiler UnityShaderCompiler.exe after 0.15 seconds
Refreshing native plugins compatible for Editor in 1.40 ms, found 3 plugins.
Preloading 0 native plugins for Editor in 0.00 ms.
Unloading 2451 Unused Serialized files (Serialized files now loaded: 0)
Unloading 33 unused Assets / (56.6 KB). Loaded Objects now: 2914.
Memory consumption went from 108.9 MB to 108.8 MB.
Total: 7.804600 ms (FindLiveObjects: 0.778300 ms CreateObjectMapping: 0.623600 ms MarkObjects: 6.152400 ms  DeleteObjects: 0.245300 ms)

AssetImportParameters requested are different than current active one (requested -> active):
  custom:video-decoder-ogg-theora: a1e56fd34408186e4bbccfd4996cb3dc -> 
  custom:container-muxer-webm: aa71ff27fc2769a1b78a27578f13a17b -> 
  custom:container-demuxer-webm: 4f35f7cbe854078d1ac9338744f61a02 -> 
  custom:video-encoder-webm-vp8: eb34c28f22e8b96e1ab97ce403110664 -> 
  custom:audio-encoder-webm-vorbis: bf7c407c2cedff20999df2af8eb42d56 -> 
  custom:framework-win-MediaFoundation: 216162199b28c13a410421893ffa2e32 -> 
  custom:container-demuxer-ogg: 62fdf1f143b41e24485cea50d1cbac27 -> 
  custom:video-decoder-webm-vp8: 9c59270c3fd7afecdb556c50c9e8de78 -> 
  custom:audio-decoder-ogg-vorbis: bf7c407c2cedff20999df2af8eb42d56 -> 
========================================================================
Received Import Request.
  Time since last request: 12686.702261 seconds.
  path: Assets/Sprites/tree3.png
  artifactKey: Guid(bb420bcdaf97500409e48f389d702a47) Importer(815301076,1909f56bfc062723c751e8b465ee728b)
Start importing Assets/Sprites/tree3.png using Guid(bb420bcdaf97500409e48f389d702a47) Importer(815301076,1909f56bfc062723c751e8b465ee728b)  -> (artifact id: 'f3f2a01197a852e23dad86f4d9afb5c8') in 0.436066 seconds 
========================================================================
Received Import Request.
  Time since last request: 71.089717 seconds.
  path: Assets/Prefabs/tree.prefab
  artifactKey: Guid(4ff7bd1849e723644aac2f1fb2aa7da4) Importer(815301076,1909f56bfc062723c751e8b465ee728b)
Start importing Assets/Prefabs/tree.prefab using Guid(4ff7bd1849e723644aac2f1fb2aa7da4) Importer(815301076,1909f56bfc062723c751e8b465ee728b)  -> (artifact id: '06ae5f16aea01defcfca0f2dd7c1af4b') in 0.153697 seconds 
========================================================================
Received Import Request.
  Time since last request: 0.000033 seconds.
  path: Assets/Prefabs/tree2.prefab
  artifactKey: Guid(f84165fbfb6d8ba4486ccb49abe68649) Importer(815301076,1909f56bfc062723c751e8b465ee728b)
Start importing Assets/Prefabs/tree2.prefab using Guid(f84165fbfb6d8ba4486ccb49abe68649) Importer(815301076,1909f56bfc062723c751e8b465ee728b)  -> (artifact id: 'fa246b7102ff5bf94b49388157977c9d') in 0.034430 seconds 
========================================================================
Received Import Request.
  Time since last request: 64.848928 seconds.
  path: Assets/Prefabs/bush_1.prefab
  artifactKey: Guid(036deb77589813f4fa02ee0bb71b8753) Importer(815301076,1909f56bfc062723c751e8b465ee728b)
Start importing Assets/Prefabs/bush_1.prefab using Guid(036deb77589813f4fa02ee0bb71b8753) Importer(815301076,1909f56bfc062723c751e8b465ee728b)  -> (artifact id: 'e50fcafeb169c18e1263676d645b5eb9') in 0.034099 seconds 
========================================================================
Received Import Request.
  Time since last request: 0.000073 seconds.
  path: Assets/Prefabs/cloud_5.prefab
  artifactKey: Guid(185c71a2a37a6c9488a5d99bf2fd0326) Importer(815301076,1909f56bfc062723c751e8b465ee728b)
Start importing Assets/Prefabs/cloud_5.prefab using Guid(185c71a2a37a6c9488a5d99bf2fd0326) Importer(815301076,1909f56bfc062723c751e8b465ee728b)  -> (artifact id: '028a24ea8a35f3cf296facec773ce1d2') in 0.038527 seconds 
========================================================================
Received Import Request.
  Time since last request: 0.000092 seconds.
  path: Assets/Prefabs/cloud_7.prefab
  artifactKey: Guid(470e6b8603a1d7f469acaf2384ea2ec1) Importer(815301076,1909f56bfc062723c751e8b465ee728b)
Start importing Assets/Prefabs/cloud_7.prefab using Guid(470e6b8603a1d7f469acaf2384ea2ec1) Importer(815301076,1909f56bfc062723c751e8b465ee728b)  -> (artifact id: 'f9dd2e213fcbe956742c5d140ca91c05') in 0.039243 seconds 
========================================================================
Received Import Request.
  Time since last request: 0.000241 seconds.
  path: Assets/Prefabs/cloud_0.prefab
  artifactKey: Guid(6e1910e3333a8984f832dc3689ce1e83) Importer(815301076,1909f56bfc062723c751e8b465ee728b)
Start importing Assets/Prefabs/cloud_0.prefab using Guid(6e1910e3333a8984f832dc3689ce1e83) Importer(815301076,1909f56bfc062723c751e8b465ee728b)  -> (artifact id: 'a46d5b09f2b9d2e2cf201e8ab68500d3') in 0.033780 seconds 
========================================================================
Received Import Request.
  Time since last request: 0.000053 seconds.
  path: Assets/Prefabs/cloud_2.prefab
  artifactKey: Guid(c91c9de589e63474e9719a4c81de40d9) Importer(815301076,1909f56bfc062723c751e8b465ee728b)
Start importing Assets/Prefabs/cloud_2.prefab using Guid(c91c9de589e63474e9719a4c81de40d9) Importer(815301076,1909f56bfc062723c751e8b465ee728b)  -> (artifact id: '2ca54aa586e3e40b81ea1bbc18e28e5f') in 0.044536 seconds 
========================================================================
Received Import Request.
  Time since last request: 558.998167 seconds.
  path: Assets/Prefabs/flyrock_1.prefab
  artifactKey: Guid(46dc0f68823258d42b50f09351fe4512) Importer(815301076,1909f56bfc062723c751e8b465ee728b)
Start importing Assets/Prefabs/flyrock_1.prefab using Guid(46dc0f68823258d42b50f09351fe4512) Importer(815301076,1909f56bfc062723c751e8b465ee728b)  -> (artifact id: '84409ea11e6111177c209d1c0f601e5c') in 0.035333 seconds 
========================================================================
Received Import Request.
  Time since last request: 0.000075 seconds.
  path: Assets/Prefabs/flyrock_4.prefab
  artifactKey: Guid(7ec5b541695abe44b9cb9dd6c50cf5ba) Importer(815301076,1909f56bfc062723c751e8b465ee728b)
Start importing Assets/Prefabs/flyrock_4.prefab using Guid(7ec5b541695abe44b9cb9dd6c50cf5ba) Importer(815301076,1909f56bfc062723c751e8b465ee728b)  -> (artifact id: '56bfa4b2add7ac77d9d56e1b9be08a52') in 0.032670 seconds 
========================================================================
Received Import Request.
  Time since last request: 0.000114 seconds.
  path: Assets/Prefabs/flyrock_7.prefab
  artifactKey: Guid(2cb2643b8eabd504ca83b7298f85384e) Importer(815301076,1909f56bfc062723c751e8b465ee728b)
Start importing Assets/Prefabs/flyrock_7.prefab using Guid(2cb2643b8eabd504ca83b7298f85384e) Importer(815301076,1909f56bfc062723c751e8b465ee728b)  -> (artifact id: '8c18dfadb05c7d6ba3d69e598ee93358') in 0.028869 seconds 
